TRACE [2018-11-23 11:38:40] Logging to C:/Users/u5351933/Documents/CytoRSuiteData/inst/extdata/Logfiles/processing.log
TRACE [2018-11-23 11:38:40] Processing data
TRACE [2018-11-23 11:38:40] Reading yaml configuration
TRACE [2018-11-23 11:38:40] Found C:/Users/u5351933/Documents/CytoRSuiteData/data-raw/example-gatingTemplate.Rmd
TRACE [2018-11-23 11:38:40] Processing 1 of 1: C:/Users/u5351933/Documents/CytoRSuiteData/data-raw/example-gatingTemplate.Rmd

TRACE [2018-11-23 11:38:42] 1 data set(s) created by example-gatingTemplate.Rmd
TRACE [2018-11-23 11:38:42] NEWS.md file not found, creating!
TRACE [2018-11-23 11:38:42] Saving to data
TRACE [2018-11-23 11:38:42] Copied documentation to C:/Users/u5351933/Documents/CytoRSuiteData/R/CytoRSuiteData.R
TRACE [2018-11-23 11:38:42] Done
TRACE [2018-11-23 11:38:42] DataPackageR succeeded
TRACE [2018-11-23 11:38:42] Building documentation
TRACE [2018-11-23 11:38:43] Building package
TRACE [2018-11-23 11:50:43] Rebuilding data package documentation.
TRACE [2018-11-23 12:03:13] Logging to C:/Users/u5351933/Documents/CytoRSuiteData/inst/extdata/Logfiles/processing.log
TRACE [2018-11-23 12:03:13] Processing data
TRACE [2018-11-23 12:03:13] Reading yaml configuration
TRACE [2018-11-23 12:03:13] Found C:/Users/u5351933/Documents/CytoRSuiteData/data-raw/example-gatingTemplate.Rmd
TRACE [2018-11-23 12:03:13] Processing 1 of 1: C:/Users/u5351933/Documents/CytoRSuiteData/data-raw/example-gatingTemplate.Rmd

TRACE [2018-11-23 12:03:14] 1 data set(s) created by example-gatingTemplate.Rmd
WARN [2018-11-23 12:03:14] example_gatingTemplate has changed.
WARN [2018-11-23 12:03:14] example_gatingTemplate has changed.
WARN [2018-11-23 12:03:14] example_gatingTemplate has changed.
TRACE [2018-11-23 12:03:14] NEWS.md file found, updating!
TRACE [2018-11-23 12:03:14] NEWS.md file found, updating!
TRACE [2018-11-23 12:03:14] Data has been updated and DataVersion string incremented automatically to 0.1.1
TRACE [2018-11-23 12:03:14] Saving to data
TRACE [2018-11-23 12:03:14] Copied documentation to C:/Users/u5351933/Documents/CytoRSuiteData/R/CytoRSuiteData.R
TRACE [2018-11-23 12:03:14] Done
TRACE [2018-11-23 12:03:14] DataPackageR succeeded
TRACE [2018-11-23 12:03:14] Building documentation
TRACE [2018-11-23 12:03:15] Building package
TRACE [2018-11-23 12:05:55] Logging to C:/Users/u5351933/Documents/CytoRSuiteData/inst/extdata/Logfiles/processing.log
TRACE [2018-11-23 12:05:55] Processing data
TRACE [2018-11-23 12:05:55] Reading yaml configuration
TRACE [2018-11-23 12:05:55] Found C:/Users/u5351933/Documents/CytoRSuiteData/data-raw/example-gatingTemplate.Rmd
TRACE [2018-11-23 12:05:55] Processing 1 of 1: C:/Users/u5351933/Documents/CytoRSuiteData/data-raw/example-gatingTemplate.Rmd

TRACE [2018-11-23 12:05:56] 1 data set(s) created by example-gatingTemplate.Rmd
WARN [2018-11-23 12:05:56] example_gatingTemplate has changed.
WARN [2018-11-23 12:05:56] example_gatingTemplate has changed.
WARN [2018-11-23 12:05:56] example_gatingTemplate has changed.
TRACE [2018-11-23 12:05:56] NEWS.md file found, updating!
TRACE [2018-11-23 12:05:56] NEWS.md file found, updating!
TRACE [2018-11-23 12:05:56] Data has been updated and DataVersion string incremented automatically to 0.1.2
TRACE [2018-11-23 12:05:56] Saving to data
TRACE [2018-11-23 12:05:56] Copied documentation to C:/Users/u5351933/Documents/CytoRSuiteData/R/CytoRSuiteData.R
TRACE [2018-11-23 12:05:56] Done
TRACE [2018-11-23 12:05:56] DataPackageR succeeded
TRACE [2018-11-23 12:05:56] Building documentation
TRACE [2018-11-23 12:05:57] Building package
TRACE [2018-11-23 12:08:26] Rebuilding data package documentation.
TRACE [2018-11-23 12:08:34] Logging to C:/Users/u5351933/Documents/CytoRSuiteData/inst/extdata/Logfiles/processing.log
TRACE [2018-11-23 12:08:34] Processing data
TRACE [2018-11-23 12:08:34] Reading yaml configuration
TRACE [2018-11-23 12:08:34] Found C:/Users/u5351933/Documents/CytoRSuiteData/data-raw/example-gatingTemplate.Rmd
TRACE [2018-11-23 12:08:34] Processing 1 of 1: C:/Users/u5351933/Documents/CytoRSuiteData/data-raw/example-gatingTemplate.Rmd

TRACE [2018-11-23 12:08:35] 1 data set(s) created by example-gatingTemplate.Rmd
WARN [2018-11-23 12:08:35] example_gatingTemplate has changed.
WARN [2018-11-23 12:08:35] example_gatingTemplate has changed.
WARN [2018-11-23 12:08:35] example_gatingTemplate has changed.
TRACE [2018-11-23 12:08:35] NEWS.md file found, updating!
TRACE [2018-11-23 12:08:35] NEWS.md file found, updating!
TRACE [2018-11-23 12:08:35] Data has been updated and DataVersion string incremented automatically to 0.1.3
TRACE [2018-11-23 12:08:35] Saving to data
TRACE [2018-11-23 12:08:35] Copied documentation to C:/Users/u5351933/Documents/CytoRSuiteData/R/CytoRSuiteData.R
TRACE [2018-11-23 12:08:35] Done
TRACE [2018-11-23 12:08:35] DataPackageR succeeded
TRACE [2018-11-23 12:08:35] Building documentation
TRACE [2018-11-23 12:08:36] Building package
TRACE [2018-11-23 12:08:48] Logging to C:/Users/u5351933/Documents/CytoRSuiteData/inst/extdata/Logfiles/processing.log
TRACE [2018-11-23 12:08:48] Processing data
TRACE [2018-11-23 12:08:48] Reading yaml configuration
TRACE [2018-11-23 12:08:48] Found C:/Users/u5351933/Documents/CytoRSuiteData/data-raw/example-gatingTemplate.Rmd
TRACE [2018-11-23 12:08:48] Processing 1 of 1: C:/Users/u5351933/Documents/CytoRSuiteData/data-raw/example-gatingTemplate.Rmd

TRACE [2018-11-23 12:08:49] 1 data set(s) created by example-gatingTemplate.Rmd
WARN [2018-11-23 12:08:49] example_gatingTemplate has changed.
WARN [2018-11-23 12:08:49] example_gatingTemplate has changed.
WARN [2018-11-23 12:08:49] example_gatingTemplate has changed.
TRACE [2018-11-23 12:08:49] NEWS.md file found, updating!
TRACE [2018-11-23 12:08:49] NEWS.md file found, updating!
TRACE [2018-11-23 12:08:49] Data has been updated and DataVersion string incremented automatically to 0.1.4
TRACE [2018-11-23 12:08:49] Saving to data
TRACE [2018-11-23 12:08:49] Copied documentation to C:/Users/u5351933/Documents/CytoRSuiteData/R/CytoRSuiteData.R
TRACE [2018-11-23 12:08:49] Done
TRACE [2018-11-23 12:08:49] DataPackageR succeeded
TRACE [2018-11-23 12:08:49] Building documentation
TRACE [2018-11-23 12:08:50] Building package
TRACE [2018-11-23 12:10:11] Rebuilding data package documentation.
TRACE [2018-11-23 12:10:18] Logging to C:/Users/u5351933/Documents/CytoRSuiteData/inst/extdata/Logfiles/processing.log
TRACE [2018-11-23 12:10:18] Processing data
TRACE [2018-11-23 12:10:18] Reading yaml configuration
TRACE [2018-11-23 12:10:18] Found C:/Users/u5351933/Documents/CytoRSuiteData/data-raw/example-gatingTemplate.Rmd
TRACE [2018-11-23 12:10:18] Processing 1 of 1: C:/Users/u5351933/Documents/CytoRSuiteData/data-raw/example-gatingTemplate.Rmd

TRACE [2018-11-23 12:10:19] 1 data set(s) created by example-gatingTemplate.Rmd
WARN [2018-11-23 12:10:19] example_gatingTemplate has changed.
WARN [2018-11-23 12:10:19] example_gatingTemplate has changed.
WARN [2018-11-23 12:10:19] example_gatingTemplate has changed.
TRACE [2018-11-23 12:10:19] NEWS.md file found, updating!
TRACE [2018-11-23 12:10:19] NEWS.md file found, updating!
TRACE [2018-11-23 12:10:19] Data has been updated and DataVersion string incremented automatically to 0.1.5
TRACE [2018-11-23 12:10:19] Saving to data
TRACE [2018-11-23 12:10:19] Copied documentation to C:/Users/u5351933/Documents/CytoRSuiteData/R/CytoRSuiteData.R
TRACE [2018-11-23 12:10:19] Done
TRACE [2018-11-23 12:10:19] DataPackageR succeeded
TRACE [2018-11-23 12:10:19] Building documentation
TRACE [2018-11-23 12:10:20] Building package
TRACE [2018-11-23 12:44:56] Logging to C:/Users/u5351933/Documents/CytoRSuiteData/inst/extdata/Logfiles/processing.log
TRACE [2018-11-23 12:44:56] Processing data
TRACE [2018-11-23 12:44:56] Reading yaml configuration
TRACE [2018-11-23 12:44:56] Found C:/Users/u5351933/Documents/CytoRSuiteData/data-raw/example-gatingTemplate.Rmd
TRACE [2018-11-23 12:44:56] Found C:/Users/u5351933/Documents/CytoRSuiteData/data-raw/Compensation.Rmd
TRACE [2018-11-23 12:44:56] Processing 1 of 2: C:/Users/u5351933/Documents/CytoRSuiteData/data-raw/example-gatingTemplate.Rmd

TRACE [2018-11-23 12:44:57] 1 data set(s) created by example-gatingTemplate.Rmd
TRACE [2018-11-23 12:44:57] Processing 2 of 2: C:/Users/u5351933/Documents/CytoRSuiteData/data-raw/Compensation.Rmd

TRACE [2018-11-23 12:44:58] 1 data set(s) created by Compensation.Rmd
DEBUG [2018-11-23 12:44:59] Compensation added.
DEBUG [2018-11-23 12:44:59] example_gatingTemplate changed
DEBUG [2018-11-23 12:44:59] Compensation added.
DEBUG [2018-11-23 12:44:59] example_gatingTemplate changed
DEBUG [2018-11-23 12:44:59] Compensation added.
DEBUG [2018-11-23 12:44:59] example_gatingTemplate changed
TRACE [2018-11-23 12:44:59] NEWS.md file found, updating!
TRACE [2018-11-23 12:44:59] NEWS.md file found, updating!
TRACE [2018-11-23 12:44:59] Data has been updated and DataVersion string incremented automatically to 0.1.6
TRACE [2018-11-23 12:44:59] Saving to data
TRACE [2018-11-23 12:44:59] Copied documentation to C:/Users/u5351933/Documents/CytoRSuiteData/R/CytoRSuiteData.R
TRACE [2018-11-23 12:45:00] Done
TRACE [2018-11-23 12:45:00] DataPackageR succeeded
TRACE [2018-11-23 12:45:00] Building documentation
TRACE [2018-11-23 12:45:00] Building package
TRACE [2018-11-23 13:55:10] Logging to C:/Users/u5351933/Documents/CytoRSuiteData/inst/extdata/Logfiles/processing.log
TRACE [2018-11-23 13:55:10] Processing data
TRACE [2018-11-23 13:55:10] Reading yaml configuration
TRACE [2018-11-23 13:55:10] Found C:/Users/u5351933/Documents/CytoRSuiteData/data-raw/example-gatingTemplate.Rmd
TRACE [2018-11-23 13:55:10] Found C:/Users/u5351933/Documents/CytoRSuiteData/data-raw/Compensation.Rmd
TRACE [2018-11-23 13:55:10] Processing 1 of 2: C:/Users/u5351933/Documents/CytoRSuiteData/data-raw/example-gatingTemplate.Rmd

TRACE [2018-11-23 13:55:13] 1 data set(s) created by example-gatingTemplate.Rmd
TRACE [2018-11-23 13:55:13] Processing 2 of 2: C:/Users/u5351933/Documents/CytoRSuiteData/data-raw/Compensation.Rmd

TRACE [2018-11-23 13:55:13] 1 data set(s) created by Compensation.Rmd
WARN [2018-11-23 13:55:14] Compensation has changed.
WARN [2018-11-23 13:55:14] example_gatingTemplate has changed.
WARN [2018-11-23 13:55:14] Compensation has changed.
WARN [2018-11-23 13:55:14] example_gatingTemplate has changed.
WARN [2018-11-23 13:55:14] Compensation has changed.
WARN [2018-11-23 13:55:14] example_gatingTemplate has changed.
TRACE [2018-11-23 13:55:14] NEWS.md file found, updating!
TRACE [2018-11-23 13:55:14] NEWS.md file found, updating!
TRACE [2018-11-23 13:55:14] Data has been updated and DataVersion string incremented automatically to 0.1.7
TRACE [2018-11-23 13:55:14] Saving to data
TRACE [2018-11-23 13:55:15] Copied documentation to C:/Users/u5351933/Documents/CytoRSuiteData/R/CytoRSuiteData.R
TRACE [2018-11-23 13:55:15] Done
TRACE [2018-11-23 13:55:15] DataPackageR succeeded
TRACE [2018-11-23 13:55:15] Building documentation
TRACE [2018-11-23 13:55:16] Building package
TRACE [2018-11-23 13:55:38] Logging to C:/Users/u5351933/Documents/CytoRSuiteData/inst/extdata/Logfiles/processing.log
TRACE [2018-11-23 13:55:38] Processing data
TRACE [2018-11-23 13:55:38] Reading yaml configuration
TRACE [2018-11-23 13:55:38] Found C:/Users/u5351933/Documents/CytoRSuiteData/data-raw/example-gatingTemplate.Rmd
TRACE [2018-11-23 13:55:38] Found C:/Users/u5351933/Documents/CytoRSuiteData/data-raw/Compensation.Rmd
TRACE [2018-11-23 13:55:38] Processing 1 of 2: C:/Users/u5351933/Documents/CytoRSuiteData/data-raw/example-gatingTemplate.Rmd

TRACE [2018-11-23 13:55:39] 1 data set(s) created by example-gatingTemplate.Rmd
TRACE [2018-11-23 13:55:39] Processing 2 of 2: C:/Users/u5351933/Documents/CytoRSuiteData/data-raw/Compensation.Rmd

TRACE [2018-11-23 13:55:39] 1 data set(s) created by Compensation.Rmd
WARN [2018-11-23 13:55:40] example_gatingTemplate has changed.
WARN [2018-11-23 13:55:40] example_gatingTemplate has changed.
WARN [2018-11-23 13:55:40] example_gatingTemplate has changed.
TRACE [2018-11-23 13:55:40] NEWS.md file found, updating!
TRACE [2018-11-23 13:55:40] NEWS.md file found, updating!
TRACE [2018-11-23 13:55:40] Data has been updated and DataVersion string incremented automatically to 0.1.8
TRACE [2018-11-23 13:55:40] Saving to data
TRACE [2018-11-23 13:55:41] Copied documentation to C:/Users/u5351933/Documents/CytoRSuiteData/R/CytoRSuiteData.R
TRACE [2018-11-23 13:55:41] Done
TRACE [2018-11-23 13:55:41] DataPackageR succeeded
TRACE [2018-11-23 13:55:41] Building documentation
TRACE [2018-11-23 13:55:42] Building package
TRACE [2018-11-23 13:55:47] Logging to C:/Users/u5351933/Documents/CytoRSuiteData/inst/extdata/Logfiles/processing.log
TRACE [2018-11-23 13:55:47] Processing data
TRACE [2018-11-23 13:55:47] Reading yaml configuration
TRACE [2018-11-23 13:55:47] Found C:/Users/u5351933/Documents/CytoRSuiteData/data-raw/example-gatingTemplate.Rmd
TRACE [2018-11-23 13:55:47] Found C:/Users/u5351933/Documents/CytoRSuiteData/data-raw/Compensation.Rmd
TRACE [2018-11-23 13:55:47] Processing 1 of 2: C:/Users/u5351933/Documents/CytoRSuiteData/data-raw/example-gatingTemplate.Rmd

TRACE [2018-11-23 13:55:47] 1 data set(s) created by example-gatingTemplate.Rmd
TRACE [2018-11-23 13:55:47] Processing 2 of 2: C:/Users/u5351933/Documents/CytoRSuiteData/data-raw/Compensation.Rmd

TRACE [2018-11-23 13:55:48] 1 data set(s) created by Compensation.Rmd
WARN [2018-11-23 13:55:49] example_gatingTemplate has changed.
WARN [2018-11-23 13:55:49] example_gatingTemplate has changed.
WARN [2018-11-23 13:55:49] example_gatingTemplate has changed.
TRACE [2018-11-23 13:55:49] NEWS.md file found, updating!
TRACE [2018-11-23 13:55:49] NEWS.md file found, updating!
TRACE [2018-11-23 13:55:49] Data has been updated and DataVersion string incremented automatically to 0.1.9
TRACE [2018-11-23 13:55:49] Saving to data
TRACE [2018-11-23 13:55:50] Copied documentation to C:/Users/u5351933/Documents/CytoRSuiteData/R/CytoRSuiteData.R
TRACE [2018-11-23 13:55:50] Done
TRACE [2018-11-23 13:55:50] DataPackageR succeeded
TRACE [2018-11-23 13:55:50] Building documentation
TRACE [2018-11-23 13:55:51] Building package
TRACE [2018-11-23 14:00:47] Rebuilding data package documentation.
TRACE [2018-11-23 14:01:03] Logging to C:/Users/u5351933/Documents/CytoRSuiteData/inst/extdata/Logfiles/processing.log
TRACE [2018-11-23 14:01:03] Processing data
TRACE [2018-11-23 14:01:03] Reading yaml configuration
TRACE [2018-11-23 14:01:03] Found C:/Users/u5351933/Documents/CytoRSuiteData/data-raw/example-gatingTemplate.Rmd
TRACE [2018-11-23 14:01:03] Found C:/Users/u5351933/Documents/CytoRSuiteData/data-raw/Compensation.Rmd
TRACE [2018-11-23 14:01:03] Processing 1 of 2: C:/Users/u5351933/Documents/CytoRSuiteData/data-raw/example-gatingTemplate.Rmd

TRACE [2018-11-23 14:01:03] 1 data set(s) created by example-gatingTemplate.Rmd
TRACE [2018-11-23 14:01:03] Processing 2 of 2: C:/Users/u5351933/Documents/CytoRSuiteData/data-raw/Compensation.Rmd

TRACE [2018-11-23 14:01:04] 1 data set(s) created by Compensation.Rmd
WARN [2018-11-23 14:01:05] example_gatingTemplate has changed.
WARN [2018-11-23 14:01:05] example_gatingTemplate has changed.
WARN [2018-11-23 14:01:05] example_gatingTemplate has changed.
TRACE [2018-11-23 14:01:05] NEWS.md file found, updating!
TRACE [2018-11-23 14:01:05] NEWS.md file found, updating!
TRACE [2018-11-23 14:01:05] Data has been updated and DataVersion string incremented automatically to 0.1.10
TRACE [2018-11-23 14:01:05] Saving to data
TRACE [2018-11-23 14:01:06] Copied documentation to C:/Users/u5351933/Documents/CytoRSuiteData/R/CytoRSuiteData.R
TRACE [2018-11-23 14:01:06] Done
TRACE [2018-11-23 14:01:06] DataPackageR succeeded
TRACE [2018-11-23 14:01:06] Building documentation
TRACE [2018-11-23 14:01:07] Building package
TRACE [2018-11-23 14:44:32] Logging to C:/Users/u5351933/Documents/CytoRSuiteData/inst/extdata/Logfiles/processing.log
TRACE [2018-11-23 14:44:32] Processing data
TRACE [2018-11-23 14:44:32] Reading yaml configuration
TRACE [2018-11-23 14:44:33] Found C:/Users/u5351933/Documents/CytoRSuiteData/data-raw/example-gatingTemplate.Rmd
TRACE [2018-11-23 14:44:33] Found C:/Users/u5351933/Documents/CytoRSuiteData/data-raw/Compensation.Rmd
TRACE [2018-11-23 14:44:33] Found C:/Users/u5351933/Documents/CytoRSuiteData/data-raw/Activation.Rmd
TRACE [2018-11-23 14:44:33] Processing 1 of 3: C:/Users/u5351933/Documents/CytoRSuiteData/data-raw/example-gatingTemplate.Rmd

TRACE [2018-11-23 14:44:36] 1 data set(s) created by example-gatingTemplate.Rmd
TRACE [2018-11-23 14:44:36] Processing 2 of 3: C:/Users/u5351933/Documents/CytoRSuiteData/data-raw/Compensation.Rmd

TRACE [2018-11-23 14:44:38] 1 data set(s) created by Compensation.Rmd
TRACE [2018-11-23 14:44:40] Processing 3 of 3: C:/Users/u5351933/Documents/CytoRSuiteData/data-raw/Activation.Rmd

TRACE [2018-11-23 14:44:43] 1 data set(s) created by Activation.Rmd
DEBUG [2018-11-23 14:44:46] Activation added.
DEBUG [2018-11-23 14:44:46] example_gatingTemplate changed
DEBUG [2018-11-23 14:44:46] Activation added.
DEBUG [2018-11-23 14:44:46] example_gatingTemplate changed
DEBUG [2018-11-23 14:44:46] Activation added.
DEBUG [2018-11-23 14:44:46] example_gatingTemplate changed
TRACE [2018-11-23 14:44:46] NEWS.md file found, updating!
TRACE [2018-11-23 14:45:07] NEWS.md file found, updating!
TRACE [2018-11-23 14:45:07] Data has been updated and DataVersion string incremented automatically to 0.1.11
TRACE [2018-11-23 14:45:07] Saving to data
TRACE [2018-11-23 14:45:13] Copied documentation to C:/Users/u5351933/Documents/CytoRSuiteData/R/CytoRSuiteData.R
TRACE [2018-11-23 14:45:15] Done
TRACE [2018-11-23 14:45:17] DataPackageR succeeded
TRACE [2018-11-23 14:45:17] Building documentation
TRACE [2018-11-23 14:45:21] Building package
TRACE [2018-11-23 14:45:47] Logging to C:/Users/u5351933/Documents/CytoRSuiteData/inst/extdata/Logfiles/processing.log
TRACE [2018-11-23 14:45:47] Processing data
TRACE [2018-11-23 14:45:47] Reading yaml configuration
TRACE [2018-11-23 14:45:47] Found C:/Users/u5351933/Documents/CytoRSuiteData/data-raw/example-gatingTemplate.Rmd
TRACE [2018-11-23 14:45:47] Found C:/Users/u5351933/Documents/CytoRSuiteData/data-raw/Compensation.Rmd
TRACE [2018-11-23 14:45:47] Found C:/Users/u5351933/Documents/CytoRSuiteData/data-raw/Activation.Rmd
TRACE [2018-11-23 14:45:47] Processing 1 of 3: C:/Users/u5351933/Documents/CytoRSuiteData/data-raw/example-gatingTemplate.Rmd

TRACE [2018-11-23 14:45:51] 1 data set(s) created by example-gatingTemplate.Rmd
TRACE [2018-11-23 14:45:51] Processing 2 of 3: C:/Users/u5351933/Documents/CytoRSuiteData/data-raw/Compensation.Rmd

TRACE [2018-11-23 14:45:54] 1 data set(s) created by Compensation.Rmd
TRACE [2018-11-23 14:45:55] Processing 3 of 3: C:/Users/u5351933/Documents/CytoRSuiteData/data-raw/Activation.Rmd

TRACE [2018-11-23 14:45:58] 1 data set(s) created by Activation.Rmd
WARN [2018-11-23 14:46:01] example_gatingTemplate has changed.
WARN [2018-11-23 14:46:01] example_gatingTemplate has changed.
WARN [2018-11-23 14:46:01] example_gatingTemplate has changed.
TRACE [2018-11-23 14:46:01] NEWS.md file found, updating!
TRACE [2018-11-23 14:46:13] NEWS.md file found, updating!
TRACE [2018-11-23 14:46:13] Data has been updated and DataVersion string incremented automatically to 0.1.12
TRACE [2018-11-23 14:46:13] Saving to data
TRACE [2018-11-23 14:46:20] Copied documentation to C:/Users/u5351933/Documents/CytoRSuiteData/R/CytoRSuiteData.R
TRACE [2018-11-23 14:46:22] Done
TRACE [2018-11-23 14:46:22] DataPackageR succeeded
TRACE [2018-11-23 14:46:22] Building documentation
TRACE [2018-11-23 14:46:25] Building package
TRACE [2018-11-23 15:38:50] Rebuilding data package documentation.
TRACE [2018-11-23 15:39:12] Logging to C:/Users/u5351933/Documents/CytoRSuiteData/inst/extdata/Logfiles/processing.log
TRACE [2018-11-23 15:39:12] Processing data
TRACE [2018-11-23 15:39:12] Reading yaml configuration
TRACE [2018-11-23 15:39:12] Found C:/Users/u5351933/Documents/CytoRSuiteData/data-raw/example-gatingTemplate.Rmd
TRACE [2018-11-23 15:39:12] Found C:/Users/u5351933/Documents/CytoRSuiteData/data-raw/Compensation.Rmd
TRACE [2018-11-23 15:39:12] Found C:/Users/u5351933/Documents/CytoRSuiteData/data-raw/Activation.Rmd
TRACE [2018-11-23 15:39:12] Processing 1 of 3: C:/Users/u5351933/Documents/CytoRSuiteData/data-raw/example-gatingTemplate.Rmd

TRACE [2018-11-23 15:39:14] 1 data set(s) created by example-gatingTemplate.Rmd
TRACE [2018-11-23 15:39:14] Processing 2 of 3: C:/Users/u5351933/Documents/CytoRSuiteData/data-raw/Compensation.Rmd

TRACE [2018-11-23 15:39:17] 1 data set(s) created by Compensation.Rmd
TRACE [2018-11-23 15:39:19] Processing 3 of 3: C:/Users/u5351933/Documents/CytoRSuiteData/data-raw/Activation.Rmd

TRACE [2018-11-23 15:39:22] 1 data set(s) created by Activation.Rmd
WARN [2018-11-23 15:39:26] example_gatingTemplate has changed.
WARN [2018-11-23 15:39:26] example_gatingTemplate has changed.
WARN [2018-11-23 15:39:26] example_gatingTemplate has changed.
TRACE [2018-11-23 15:39:26] NEWS.md file found, updating!
TRACE [2018-11-23 15:39:48] NEWS.md file found, updating!
TRACE [2018-11-23 15:39:48] Data has been updated and DataVersion string incremented automatically to 0.1.13
TRACE [2018-11-23 15:39:48] Saving to data
TRACE [2018-11-23 15:39:55] Copied documentation to C:/Users/u5351933/Documents/CytoRSuiteData/R/CytoRSuiteData.R
TRACE [2018-11-23 15:39:56] Done
TRACE [2018-11-23 15:39:56] DataPackageR succeeded
TRACE [2018-11-23 15:39:56] Building documentation
TRACE [2018-11-23 15:40:00] Building package
TRACE [2018-11-23 15:48:48] Rebuilding data package documentation.
TRACE [2018-11-23 15:49:32] Rebuilding data package documentation.
TRACE [2018-11-23 15:50:25] Rebuilding data package documentation.
TRACE [2018-11-27 08:39:16] Logging to C:/Users/u5351933/Documents/CytoRSuiteData/inst/extdata/Logfiles/processing.log
TRACE [2018-11-27 08:39:16] Processing data
TRACE [2018-11-27 08:39:16] Reading yaml configuration
TRACE [2018-11-27 08:39:16] Found C:/Users/u5351933/Documents/CytoRSuiteData/data-raw/example-gatingTemplate.Rmd
TRACE [2018-11-27 08:39:16] Found C:/Users/u5351933/Documents/CytoRSuiteData/data-raw/Compensation.Rmd
TRACE [2018-11-27 08:39:16] Found C:/Users/u5351933/Documents/CytoRSuiteData/data-raw/Activation.Rmd
TRACE [2018-11-27 08:39:16] Processing 1 of 3: C:/Users/u5351933/Documents/CytoRSuiteData/data-raw/example-gatingTemplate.Rmd

TRACE [2018-11-27 08:39:22] 1 data set(s) created by example-gatingTemplate.Rmd
TRACE [2018-11-27 08:39:22] Processing 2 of 3: C:/Users/u5351933/Documents/CytoRSuiteData/data-raw/Compensation.Rmd

TRACE [2018-11-27 08:39:25] 1 data set(s) created by Compensation.Rmd
TRACE [2018-11-27 08:39:27] Processing 3 of 3: C:/Users/u5351933/Documents/CytoRSuiteData/data-raw/Activation.Rmd

TRACE [2018-11-27 08:39:30] 1 data set(s) created by Activation.Rmd
WARN [2018-11-27 08:39:34] example_gatingTemplate has changed.
WARN [2018-11-27 08:39:34] example_gatingTemplate has changed.
WARN [2018-11-27 08:39:34] example_gatingTemplate has changed.
TRACE [2018-11-27 08:39:34] NEWS.md file found, updating!
TRACE [2018-11-27 08:39:43] NEWS.md file found, updating!
TRACE [2018-11-27 08:39:43] Data has been updated and DataVersion string incremented automatically to 0.1.14
TRACE [2018-11-27 08:39:43] Saving to data
TRACE [2018-11-27 08:39:49] Copied documentation to C:/Users/u5351933/Documents/CytoRSuiteData/R/CytoRSuiteData.R
TRACE [2018-11-27 08:39:52] Done
TRACE [2018-11-27 08:39:52] DataPackageR succeeded
TRACE [2018-11-27 08:39:52] Building documentation
TRACE [2018-11-27 08:39:53] Building package
TRACE [2018-11-27 08:52:45] Rebuilding data package documentation.
TRACE [2018-11-27 08:53:19] Logging to C:/Users/u5351933/Documents/CytoRSuiteData/inst/extdata/Logfiles/processing.log
TRACE [2018-11-27 08:53:19] Processing data
TRACE [2018-11-27 08:53:19] Reading yaml configuration
TRACE [2018-11-27 08:53:19] Found C:/Users/u5351933/Documents/CytoRSuiteData/data-raw/example-gatingTemplate.Rmd
TRACE [2018-11-27 08:53:19] Found C:/Users/u5351933/Documents/CytoRSuiteData/data-raw/Compensation.Rmd
TRACE [2018-11-27 08:53:19] Found C:/Users/u5351933/Documents/CytoRSuiteData/data-raw/Activation.Rmd
TRACE [2018-11-27 08:53:19] Processing 1 of 3: C:/Users/u5351933/Documents/CytoRSuiteData/data-raw/example-gatingTemplate.Rmd

TRACE [2018-11-27 08:53:21] 1 data set(s) created by example-gatingTemplate.Rmd
TRACE [2018-11-27 08:53:21] Processing 2 of 3: C:/Users/u5351933/Documents/CytoRSuiteData/data-raw/Compensation.Rmd

TRACE [2018-11-27 08:53:25] 1 data set(s) created by Compensation.Rmd
TRACE [2018-11-27 08:53:27] Processing 3 of 3: C:/Users/u5351933/Documents/CytoRSuiteData/data-raw/Activation.Rmd

TRACE [2018-11-27 08:53:30] 1 data set(s) created by Activation.Rmd
WARN [2018-11-27 08:53:34] example_gatingTemplate has changed.
WARN [2018-11-27 08:53:34] example_gatingTemplate has changed.
WARN [2018-11-27 08:53:34] example_gatingTemplate has changed.
TRACE [2018-11-27 08:53:34] NEWS.md file found, updating!
TRACE [2018-11-27 08:53:48] NEWS.md file found, updating!
TRACE [2018-11-27 08:53:48] Data has been updated and DataVersion string incremented automatically to 0.1.15
TRACE [2018-11-27 08:53:48] Saving to data
TRACE [2018-11-27 08:53:53] Copied documentation to C:/Users/u5351933/Documents/CytoRSuiteData/R/CytoRSuiteData.R
TRACE [2018-11-27 08:53:56] Done
TRACE [2018-11-27 08:53:56] DataPackageR succeeded
TRACE [2018-11-27 08:53:56] Building documentation
TRACE [2018-11-27 08:53:59] Building package
TRACE [2018-11-27 08:58:02] Rebuilding data package documentation.
TRACE [2018-11-27 08:58:38] Logging to C:/Users/u5351933/Documents/CytoRSuiteData/inst/extdata/Logfiles/processing.log
TRACE [2018-11-27 08:58:38] Processing data
TRACE [2018-11-27 08:58:38] Reading yaml configuration
TRACE [2018-11-27 08:58:38] Found C:/Users/u5351933/Documents/CytoRSuiteData/data-raw/example-gatingTemplate.Rmd
TRACE [2018-11-27 08:58:38] Found C:/Users/u5351933/Documents/CytoRSuiteData/data-raw/Compensation.Rmd
TRACE [2018-11-27 08:58:38] Found C:/Users/u5351933/Documents/CytoRSuiteData/data-raw/Activation.Rmd
TRACE [2018-11-27 08:58:38] Processing 1 of 3: C:/Users/u5351933/Documents/CytoRSuiteData/data-raw/example-gatingTemplate.Rmd

TRACE [2018-11-27 08:58:43] 1 data set(s) created by example-gatingTemplate.Rmd
TRACE [2018-11-27 08:58:43] Processing 2 of 3: C:/Users/u5351933/Documents/CytoRSuiteData/data-raw/Compensation.Rmd

TRACE [2018-11-27 08:58:47] 1 data set(s) created by Compensation.Rmd
TRACE [2018-11-27 08:58:49] Processing 3 of 3: C:/Users/u5351933/Documents/CytoRSuiteData/data-raw/Activation.Rmd

TRACE [2018-11-27 08:58:51] 1 data set(s) created by Activation.Rmd
WARN [2018-11-27 08:58:55] example_gatingTemplate has changed.
WARN [2018-11-27 08:58:55] example_gatingTemplate has changed.
WARN [2018-11-27 08:58:55] example_gatingTemplate has changed.
TRACE [2018-11-27 08:58:55] NEWS.md file found, updating!
TRACE [2018-11-27 08:59:01] NEWS.md file found, updating!
TRACE [2018-11-27 08:59:01] Data has been updated and DataVersion string incremented automatically to 0.1.16
TRACE [2018-11-27 08:59:01] Saving to data
TRACE [2018-11-27 08:59:08] Copied documentation to C:/Users/u5351933/Documents/CytoRSuiteData/R/CytoRSuiteData.R
TRACE [2018-11-27 08:59:10] Done
TRACE [2018-11-27 08:59:10] DataPackageR succeeded
TRACE [2018-11-27 08:59:10] Building documentation
TRACE [2018-11-27 08:59:13] Building package
TRACE [2018-11-27 09:13:45] Rebuilding data package documentation.
TRACE [2018-11-27 09:19:54] Rebuilding data package documentation.
TRACE [2018-11-27 09:31:37] Rebuilding data package documentation.
TRACE [2018-11-27 09:33:25] Rebuilding data package documentation.
TRACE [2018-11-27 09:34:41] Rebuilding data package documentation.
TRACE [2018-11-27 09:35:18] Rebuilding data package documentation.
TRACE [2018-11-27 09:36:47] Rebuilding data package documentation.
TRACE [2018-11-27 09:39:13] Rebuilding data package documentation.
TRACE [2018-11-27 09:42:12] Rebuilding data package documentation.
TRACE [2018-11-27 09:43:42] Rebuilding data package documentation.
TRACE [2018-11-27 09:50:08] Rebuilding data package documentation.
TRACE [2018-11-27 09:51:22] Rebuilding data package documentation.
TRACE [2018-11-27 09:55:22] Rebuilding data package documentation.
TRACE [2018-11-27 09:56:23] Rebuilding data package documentation.
TRACE [2018-11-27 09:57:28] Rebuilding data package documentation.
TRACE [2018-11-27 09:58:50] Rebuilding data package documentation.
TRACE [2018-11-27 09:59:09] Rebuilding data package documentation.
TRACE [2018-11-27 10:00:30] Rebuilding data package documentation.
